File not found: /usr/lib/code-server/lib/vscode/node_modules/vsda/rust/web/vsda_bg.wasm
File not found: /usr/lib/code-server/lib/vscode/node_modules/vsda/rust/web/vsda.js
File not found: /usr/lib/code-server/lib/vscode/node_modules/vsda/rust/web/vsda.js
File not found: /usr/lib/code-server/lib/vscode/node_modules/vsda/rust/web/vsda_bg.wasm
File not found: /usr/lib/code-server/lib/vscode/css/style.css
File not found: /usr/lib/code-server/lib/vscode/images/black-gold-sold-1.png
File not found: /usr/lib/code-server/lib/vscode/js/main.js
File not found: /usr/lib/code-server/lib/vscode/videos/bg.mp4
File not found: /usr/lib/code-server/lib/vscode/node_modules/vsda/rust/web/vsda_bg.wasm
File not found: /usr/lib/code-server/lib/vscode/node_modules/vsda/rust/web/vsda.js
[12:37:27] Error: read ETIMEDOUT
    at TCP.onStreamRead (node:internal/stream_base_commons:218:20) {
  errno: -110,
  code: 'ETIMEDOUT',
  syscall: 'read'
}
File not found: /usr/lib/code-server/lib/vscode/node_modules/vsda/rust/web/vsda_bg.wasm
File not found: /usr/lib/code-server/lib/vscode/node_modules/vsda/rust/web/vsda.js
[12:53:20] Error: read ETIMEDOUT
    at TCP.onStreamRead (node:internal/stream_base_commons:218:20) {
  errno: -110,
  code: 'ETIMEDOUT',
  syscall: 'read'
}
