2025-05-17 08:00:08.549 [info] [main] Log level: Info
2025-05-17 08:00:08.549 [info] [main] Validating found git in: "git"
2025-05-17 08:00:08.549 [info] [main] Using git "2.34.1" from "git"
2025-05-17 08:00:08.549 [info] [Model][doInitialScan] Initial repository scan started
2025-05-17 08:00:08.549 [info] > git rev-parse --show-toplevel [4ms]
2025-05-17 08:00:08.549 [info] fatal: not a git repository (or any of the parent directories): .git
2025-05-17 08:00:08.549 [info] > git rev-parse --show-toplevel [1ms]
2025-05-17 08:00:08.549 [info] fatal: not a git repository (or any of the parent directories): .git
2025-05-17 08:00:08.549 [info] > git rev-parse --show-toplevel [1ms]
2025-05-17 08:00:08.549 [info] fatal: not a git repository (or any of the parent directories): .git
2025-05-17 08:00:08.549 [info] > git rev-parse --show-toplevel [1ms]
2025-05-17 08:00:08.549 [info] fatal: not a git repository (or any of the parent directories): .git
2025-05-17 08:00:08.549 [info] > git rev-parse --show-toplevel [1ms]
2025-05-17 08:00:08.549 [info] fatal: not a git repository (or any of the parent directories): .git
2025-05-17 08:00:08.549 [info] > git rev-parse --show-toplevel [0ms]
2025-05-17 08:00:08.549 [info] fatal: not a git repository (or any of the parent directories): .git
2025-05-17 08:00:08.549 [info] > git rev-parse --show-toplevel [3ms]
2025-05-17 08:00:08.549 [info] > git rev-parse --git-dir --git-common-dir [1ms]
2025-05-17 08:00:08.550 [info] [Model][openRepository] Opened repository (path): /home/ubuntu/.nvm
2025-05-17 08:00:08.550 [info] [Model][openRepository] Opened repository (real path): /home/ubuntu/.nvm
2025-05-17 08:00:08.550 [info] > git config --get commit.template [3ms]
2025-05-17 08:00:08.550 [info] > git rev-parse --show-toplevel [1ms]
2025-05-17 08:00:08.550 [info] fatal: not a git repository (or any of the parent directories): .git
2025-05-17 08:00:08.550 [info] > git rev-parse --show-toplevel [1ms]
2025-05-17 08:00:08.550 [info] fatal: not a git repository (or any of the parent directories): .git
2025-05-17 08:00:08.550 [info] > git rev-parse --show-toplevel [1ms]
2025-05-17 08:00:08.550 [info] fatal: not a git repository (or any of the parent directories): .git
2025-05-17 08:00:08.550 [info] > git for-each-ref --format %(refname)%00%(objectname)%00%(*objectname) refs/tags [11ms]
2025-05-17 08:00:08.550 [info] > git rev-parse --show-toplevel [7ms]
2025-05-17 08:00:08.550 [info] fatal: not a git repository (or any of the parent directories): .git
2025-05-17 08:00:08.550 [info] > git for-each-ref --sort -committerdate --format %(refname)%00%(objectname)%00%(*objectname) [4ms]
2025-05-17 08:00:08.550 [info] > git rev-parse --show-toplevel [2ms]
2025-05-17 08:00:08.550 [info] fatal: not a git repository (or any of the parent directories): .git
2025-05-17 08:00:08.550 [info] > git rev-parse --show-toplevel [1ms]
2025-05-17 08:00:08.550 [info] fatal: not a git repository (or any of the parent directories): .git
2025-05-17 08:00:08.550 [info] > git rev-parse --show-toplevel [1ms]
2025-05-17 08:00:08.550 [info] fatal: not a git repository (or any of the parent directories): .git
2025-05-17 08:00:08.550 [info] > git rev-parse --show-toplevel [1ms]
2025-05-17 08:00:08.550 [info] fatal: not a git repository (or any of the parent directories): .git
2025-05-17 08:00:08.550 [info] [Model][doInitialScan] Initial repository scan completed - repositories (1), closed repositories (0), parent repositories (0), unsafe repositories (0)
2025-05-17 08:00:08.550 [info] > git status -z -uall [45ms]
2025-05-17 08:00:08.550 [info] > git config --get commit.template [5ms]
2025-05-17 08:00:08.550 [info] > git for-each-ref --format %(refname)%00%(objectname)%00%(*objectname) refs/tags [2ms]
2025-05-17 08:00:08.550 [info] > git for-each-ref --sort -committerdate --format %(refname)%00%(objectname)%00%(*objectname) [2ms]
2025-05-17 08:00:08.574 [info] > git status -z -uall [33ms]
2025-05-17 08:00:09.083 [info] > git rev-parse --show-toplevel [4ms]
2025-05-17 08:00:09.084 [info] > git check-ignore -v -z --stdin [1ms]
2025-05-17 08:00:15.048 [info] > git rev-parse --show-toplevel [1ms]
2025-05-17 08:00:15.048 [info] fatal: not a git repository (or any of the parent directories): .git
2025-05-17 08:00:16.715 [info] > git rev-parse --show-toplevel [1ms]
2025-05-17 08:00:16.715 [info] fatal: not a git repository (or any of the parent directories): .git
2025-05-17 08:00:18.134 [info] > git rev-parse --show-toplevel [1ms]
2025-05-17 08:00:18.134 [info] fatal: not a git repository (or any of the parent directories): .git
2025-05-17 08:00:43.649 [info] > git rev-parse --show-toplevel [1ms]
2025-05-17 08:00:43.649 [info] fatal: not a git repository (or any of the parent directories): .git
2025-05-17 08:00:45.249 [info] > git rev-parse --show-toplevel [1ms]
2025-05-17 08:00:45.249 [info] fatal: not a git repository (or any of the parent directories): .git
2025-05-17 08:00:47.203 [info] > git rev-parse --show-toplevel [1ms]
2025-05-17 08:00:47.203 [info] fatal: not a git repository (or any of the parent directories): .git
2025-05-17 08:01:36.827 [info] > git rev-parse --show-toplevel [2ms]
2025-05-17 08:01:36.827 [info] fatal: not a git repository (or any of the parent directories): .git
2025-05-17 08:01:38.687 [info] > git rev-parse --show-toplevel [4ms]
2025-05-17 08:01:38.687 [info] fatal: not a git repository (or any of the parent directories): .git
2025-05-17 08:01:40.799 [info] > git rev-parse --show-toplevel [7ms]
2025-05-17 08:01:40.799 [info] fatal: not a git repository (or any of the parent directories): .git
2025-05-17 08:01:47.919 [info] > git rev-parse --show-toplevel [1ms]
2025-05-17 08:01:47.919 [info] fatal: not a git repository (or any of the parent directories): .git
2025-05-17 08:01:53.795 [info] > git rev-parse --show-toplevel [1ms]
2025-05-17 08:01:53.795 [info] fatal: not a git repository (or any of the parent directories): .git
2025-05-17 08:03:14.775 [info] > git rev-parse --show-toplevel [2ms]
2025-05-17 08:03:14.775 [info] fatal: not a git repository (or any of the parent directories): .git
2025-05-17 08:03:35.609 [info] > git rev-parse --show-toplevel [1ms]
2025-05-17 08:03:35.609 [info] fatal: not a git repository (or any of the parent directories): .git
2025-05-17 08:03:37.175 [info] > git rev-parse --show-toplevel [1ms]
2025-05-17 08:03:37.175 [info] fatal: not a git repository (or any of the parent directories): .git
2025-05-17 08:05:10.748 [info] > git rev-parse --show-toplevel [2ms]
2025-05-17 08:05:10.748 [info] fatal: not a git repository (or any of the parent directories): .git
