2025-05-17 08:17:48.446 [info] Extension host with pid 22753 started
2025-05-17 08:17:48.446 [error] Error: EEXIST: file already exists, open '/home/ubuntu/.local/share/code-server/User/workspaceStorage/5b09c4a5/vscode.lock'
2025-05-17 08:17:48.446 [info] Lock '/home/ubuntu/.local/share/code-server/User/workspaceStorage/5b09c4a5/vscode.lock': Could not acquire lock, checking if the file is stale.
2025-05-17 08:17:48.446 [info] Lock '/home/ubuntu/.local/share/code-server/User/workspaceStorage/5b09c4a5/vscode.lock': The lock does not look stale, elapsed: 602 ms, giving up.
2025-05-17 08:17:48.447 [info] Lock '/home/ubuntu/.local/share/code-server/User/workspaceStorage/5b09c4a5-1/vscode.lock': Lock acquired.
2025-05-17 08:17:48.657 [info] ExtensionService#_doActivateExtension vscode.emmet, startup: false, activationEvent: 'onLanguage'
2025-05-17 08:17:48.794 [info] ExtensionService#_doActivateExtension vscode.configuration-editing, startup: false, activationEvent: 'onLanguage:jsonc'
2025-05-17 08:17:48.795 [info] ExtensionService#_doActivateExtension vscode.json-language-features, startup: false, activationEvent: 'onLanguage:jsonc'
2025-05-17 08:17:48.795 [info] ExtensionService#_doActivateExtension vscode.typescript-language-features, startup: false, activationEvent: 'onLanguage:jsonc'
2025-05-17 08:17:48.988 [info] ExtensionService#_doActivateExtension vscode.git-base, startup: true, activationEvent: '*', root cause: vscode.git
2025-05-17 08:17:49.269 [info] ExtensionService#_doActivateExtension vscode.git, startup: true, activationEvent: '*'
2025-05-17 08:17:49.269 [info] ExtensionService#_doActivateExtension vscode.github, startup: true, activationEvent: '*'
2025-05-17 08:17:49.630 [info] Eager extensions activated
2025-05-17 08:17:49.630 [info] ExtensionService#_doActivateExtension vscode.debug-auto-launch, startup: false, activationEvent: 'onStartupFinished'
2025-05-17 08:17:49.631 [info] ExtensionService#_doActivateExtension vscode.merge-conflict, startup: false, activationEvent: 'onStartupFinished'
2025-05-17 08:17:50.059 [info] ExtensionService#_doActivateExtension vscode.github-authentication, startup: false, activationEvent: 'onAuthenticationRequest:github'
2025-05-17 08:18:39.567 [info] ExtensionService#_doActivateExtension vscode.npm, startup: false, activationEvent: 'onTerminalQuickFixRequest:ms-vscode.npm-command'
2025-05-17 08:18:45.832 [info] ExtensionService#_doActivateExtension vscode.extension-editing, startup: false, activationEvent: 'onLanguage:json'
2025-05-17 08:30:06.876 [info] ExtensionService#_doActivateExtension vscode.tunnel-forwarding, startup: false, activationEvent: 'onTunnel'
2025-05-17 08:53:22.371 [error] Error: read ETIMEDOUT
	at TCP.onStreamRead (node:internal/stream_base_commons:218:20)
