2025-05-17 08:37:01.907 [info] [main] Log level: Info
2025-05-17 08:37:01.907 [info] [main] Validating found git in: "git"
2025-05-17 08:37:01.907 [info] [main] Using git "2.34.1" from "git"
2025-05-17 08:37:01.907 [info] [Model][doInitialScan] Initial repository scan started
2025-05-17 08:37:01.907 [info] > git rev-parse --show-toplevel [2ms]
2025-05-17 08:37:01.907 [info] fatal: not a git repository (or any of the parent directories): .git
2025-05-17 08:37:01.907 [info] > git rev-parse --show-toplevel [1ms]
2025-05-17 08:37:01.907 [info] fatal: not a git repository (or any of the parent directories): .git
2025-05-17 08:37:01.907 [info] > git rev-parse --show-toplevel [0ms]
2025-05-17 08:37:01.907 [info] fatal: not a git repository (or any of the parent directories): .git
2025-05-17 08:37:01.907 [info] > git rev-parse --show-toplevel [1ms]
2025-05-17 08:37:01.907 [info] fatal: not a git repository (or any of the parent directories): .git
2025-05-17 08:37:01.907 [info] > git rev-parse --show-toplevel [1ms]
2025-05-17 08:37:01.907 [info] fatal: not a git repository (or any of the parent directories): .git
2025-05-17 08:37:01.907 [info] > git rev-parse --show-toplevel [1ms]
2025-05-17 08:37:01.907 [info] fatal: not a git repository (or any of the parent directories): .git
2025-05-17 08:37:01.907 [info] > git rev-parse --show-toplevel [1ms]
2025-05-17 08:37:01.907 [info] fatal: not a git repository (or any of the parent directories): .git
2025-05-17 08:37:01.907 [info] > git rev-parse --show-toplevel [1ms]
2025-05-17 08:37:01.907 [info] > git rev-parse --git-dir --git-common-dir [1ms]
2025-05-17 08:37:01.907 [info] [Model][openRepository] Opened repository (path): /home/ubuntu/.nvm
2025-05-17 08:37:01.907 [info] [Model][openRepository] Opened repository (real path): /home/ubuntu/.nvm
2025-05-17 08:37:01.907 [info] > git config --get commit.template [2ms]
2025-05-17 08:37:01.907 [info] > git rev-parse --show-toplevel [1ms]
2025-05-17 08:37:01.907 [info] fatal: not a git repository (or any of the parent directories): .git
2025-05-17 08:37:01.907 [info] > git for-each-ref --format %(refname)%00%(objectname)%00%(*objectname) refs/tags [3ms]
2025-05-17 08:37:01.907 [info] > git rev-parse --show-toplevel [7ms]
2025-05-17 08:37:01.907 [info] fatal: not a git repository (or any of the parent directories): .git
2025-05-17 08:37:01.907 [info] > git for-each-ref --sort -committerdate --format %(refname)%00%(objectname)%00%(*objectname) [3ms]
2025-05-17 08:37:01.907 [info] > git rev-parse --show-toplevel [1ms]
2025-05-17 08:37:01.907 [info] fatal: not a git repository (or any of the parent directories): .git
2025-05-17 08:37:01.907 [info] > git rev-parse --show-toplevel [1ms]
2025-05-17 08:37:01.907 [info] fatal: not a git repository (or any of the parent directories): .git
2025-05-17 08:37:01.907 [info] > git rev-parse --show-toplevel [1ms]
2025-05-17 08:37:01.907 [info] fatal: not a git repository (or any of the parent directories): .git
2025-05-17 08:37:01.907 [info] > git rev-parse --show-toplevel [1ms]
2025-05-17 08:37:01.907 [info] fatal: not a git repository (or any of the parent directories): .git
2025-05-17 08:37:01.907 [info] > git status -z -uall [19ms]
2025-05-17 08:37:01.907 [info] > git rev-parse --show-toplevel [21ms]
2025-05-17 08:37:01.907 [info] fatal: not a git repository (or any of the parent directories): .git
2025-05-17 08:37:01.907 [info] > git config --get commit.template [3ms]
2025-05-17 08:37:01.907 [info] > git rev-parse --show-toplevel [3ms]
2025-05-17 08:37:01.907 [info] fatal: not a git repository (or any of the parent directories): .git
2025-05-17 08:37:01.907 [info] [Model][doInitialScan] Initial repository scan completed - repositories (1), closed repositories (0), parent repositories (0), unsafe repositories (0)
2025-05-17 08:37:01.908 [info] > git for-each-ref --format %(refname)%00%(objectname)%00%(*objectname) refs/tags [4ms]
2025-05-17 08:37:01.908 [info] > git for-each-ref --sort -committerdate --format %(refname)%00%(objectname)%00%(*objectname) [2ms]
2025-05-17 08:37:01.912 [info] > git status -z -uall [16ms]
2025-05-17 08:37:02.418 [info] > git rev-parse --show-toplevel [1ms]
2025-05-17 08:37:02.488 [info] > git check-ignore -v -z --stdin [1ms]
2025-05-17 08:37:46.608 [info] > git rev-parse --show-toplevel [2ms]
2025-05-17 08:37:46.608 [info] fatal: not a git repository (or any of the parent directories): .git
