2025-05-17 08:17:50.051 [info] [main] Log level: Info
2025-05-17 08:17:50.051 [info] [main] Validating found git in: "git"
2025-05-17 08:17:50.051 [info] [main] Using git "2.34.1" from "git"
2025-05-17 08:17:50.051 [info] [Model][doInitialScan] Initial repository scan started
2025-05-17 08:17:50.051 [info] > git rev-parse --show-toplevel [3ms]
2025-05-17 08:17:50.051 [info] fatal: not a git repository (or any of the parent directories): .git
2025-05-17 08:17:50.051 [info] > git rev-parse --show-toplevel [1ms]
2025-05-17 08:17:50.051 [info] fatal: not a git repository (or any of the parent directories): .git
2025-05-17 08:17:50.051 [info] > git rev-parse --show-toplevel [0ms]
2025-05-17 08:17:50.051 [info] fatal: not a git repository (or any of the parent directories): .git
2025-05-17 08:17:50.051 [info] > git rev-parse --show-toplevel [1ms]
2025-05-17 08:17:50.051 [info] fatal: not a git repository (or any of the parent directories): .git
2025-05-17 08:17:50.051 [info] > git rev-parse --show-toplevel [1ms]
2025-05-17 08:17:50.051 [info] fatal: not a git repository (or any of the parent directories): .git
2025-05-17 08:17:50.051 [info] > git rev-parse --show-toplevel [1ms]
2025-05-17 08:17:50.051 [info] fatal: not a git repository (or any of the parent directories): .git
2025-05-17 08:17:50.051 [info] > git rev-parse --show-toplevel [1ms]
2025-05-17 08:17:50.051 [info] fatal: not a git repository (or any of the parent directories): .git
2025-05-17 08:17:50.051 [info] > git rev-parse --show-toplevel [1ms]
2025-05-17 08:17:50.051 [info] > git rev-parse --git-dir --git-common-dir [1ms]
2025-05-17 08:17:50.051 [info] [Model][openRepository] Opened repository (path): /home/ubuntu/.nvm
2025-05-17 08:17:50.051 [info] [Model][openRepository] Opened repository (real path): /home/ubuntu/.nvm
2025-05-17 08:17:50.051 [info] > git config --get commit.template [5ms]
2025-05-17 08:17:50.051 [info] > git rev-parse --show-toplevel [2ms]
2025-05-17 08:17:50.051 [info] fatal: not a git repository (or any of the parent directories): .git
2025-05-17 08:17:50.051 [info] > git for-each-ref --format %(refname)%00%(objectname)%00%(*objectname) refs/tags [5ms]
2025-05-17 08:17:50.051 [info] > git rev-parse --show-toplevel [11ms]
2025-05-17 08:17:50.051 [info] fatal: not a git repository (or any of the parent directories): .git
2025-05-17 08:17:50.051 [info] > git for-each-ref --sort -committerdate --format %(refname)%00%(objectname)%00%(*objectname) [7ms]
2025-05-17 08:17:50.051 [info] > git rev-parse --show-toplevel [2ms]
2025-05-17 08:17:50.051 [info] fatal: not a git repository (or any of the parent directories): .git
2025-05-17 08:17:50.051 [info] > git rev-parse --show-toplevel [1ms]
2025-05-17 08:17:50.051 [info] fatal: not a git repository (or any of the parent directories): .git
2025-05-17 08:17:50.051 [info] > git status -z -uall [20ms]
2025-05-17 08:17:50.051 [info] > git rev-parse --show-toplevel [23ms]
2025-05-17 08:17:50.051 [info] fatal: not a git repository (or any of the parent directories): .git
2025-05-17 08:17:50.051 [info] > git config --get commit.template [6ms]
2025-05-17 08:17:50.051 [info] > git rev-parse --show-toplevel [3ms]
2025-05-17 08:17:50.051 [info] fatal: not a git repository (or any of the parent directories): .git
2025-05-17 08:17:50.051 [info] > git for-each-ref --format %(refname)%00%(objectname)%00%(*objectname) refs/tags [2ms]
2025-05-17 08:17:50.051 [info] > git for-each-ref --sort -committerdate --format %(refname)%00%(objectname)%00%(*objectname) [4ms]
2025-05-17 08:17:50.051 [info] > git rev-parse --show-toplevel [2ms]
2025-05-17 08:17:50.051 [info] fatal: not a git repository (or any of the parent directories): .git
2025-05-17 08:17:50.051 [info] > git rev-parse --show-toplevel [1ms]
2025-05-17 08:17:50.051 [info] fatal: not a git repository (or any of the parent directories): .git
2025-05-17 08:17:50.051 [info] [Model][doInitialScan] Initial repository scan completed - repositories (1), closed repositories (0), parent repositories (0), unsafe repositories (0)
2025-05-17 08:17:50.051 [info] > git status -z -uall [17ms]
2025-05-17 08:17:50.051 [info] > git rev-parse --show-toplevel [0ms]
2025-05-17 08:17:50.052 [info] fatal: not a git repository (or any of the parent directories): .git
2025-05-17 08:17:50.328 [info] > git rev-parse --show-toplevel [1ms]
2025-05-17 08:17:50.555 [info] > git check-ignore -v -z --stdin [1ms]
2025-05-17 08:19:42.860 [info] > git check-ignore -v -z --stdin [1ms]
2025-05-17 08:20:03.522 [info] > git show --textconv :package.json [4ms]
2025-05-17 08:20:03.523 [info] > git ls-files --stage -- package.json [2ms]
2025-05-17 08:20:03.526 [info] > git cat-file -s 09f354e21aac92ce1cb0fdc90600abea345c7086 [1ms]
2025-05-17 08:20:04.047 [info] > git blame --root --incremental 179d45050be0a71fd57591b0ed8aedf9b177ba10 -- package.json [15ms]
2025-05-17 08:20:04.402 [info] > git check-ignore -v -z --stdin [10ms]
2025-05-17 08:23:27.660 [info] > git show --textconv :package.json [4ms]
2025-05-17 08:23:27.660 [info] > git ls-files --stage -- package.json [1ms]
2025-05-17 08:23:27.664 [info] > git cat-file -s 09f354e21aac92ce1cb0fdc90600abea345c7086 [1ms]
2025-05-17 08:25:23.362 [info] > git check-ignore -v -z --stdin [15ms]
2025-05-17 08:25:54.885 [info] > git rev-parse --show-toplevel [1ms]
2025-05-17 08:25:54.885 [info] fatal: not a git repository (or any of the parent directories): .git
