2025-05-17 08:37:00.057 [info] Extension host with pid 30589 started
2025-05-17 08:37:00.057 [error] Error: EEXIST: file already exists, open '/home/ubuntu/.local/share/code-server/User/workspaceStorage/5b09c4a5/vscode.lock'
2025-05-17 08:37:00.057 [info] Lock '/home/ubuntu/.local/share/code-server/User/workspaceStorage/5b09c4a5/vscode.lock': Could not acquire lock, checking if the file is stale.
2025-05-17 08:37:00.058 [info] Lock '/home/ubuntu/.local/share/code-server/User/workspaceStorage/5b09c4a5/vscode.lock': The lock does not look stale, elapsed: 206 ms, giving up.
2025-05-17 08:37:00.065 [error] Error: EEXIST: file already exists, open '/home/ubuntu/.local/share/code-server/User/workspaceStorage/5b09c4a5-1/vscode.lock'
2025-05-17 08:37:00.066 [info] Lock '/home/ubuntu/.local/share/code-server/User/workspaceStorage/5b09c4a5-1/vscode.lock': Could not acquire lock, checking if the file is stale.
2025-05-17 08:37:00.066 [info] Lock '/home/ubuntu/.local/share/code-server/User/workspaceStorage/5b09c4a5-1/vscode.lock': The lock does not look stale, elapsed: 36 ms, giving up.
2025-05-17 08:37:00.070 [info] Lock '/home/ubuntu/.local/share/code-server/User/workspaceStorage/5b09c4a5-2/vscode.lock': Lock acquired.
2025-05-17 08:37:00.272 [info] ExtensionService#_doActivateExtension vscode.emmet, startup: false, activationEvent: 'onLanguage'
2025-05-17 08:37:00.274 [info] ExtensionService#_doActivateExtension vscode.configuration-editing, startup: false, activationEvent: 'onLanguage:jsonc'
2025-05-17 08:37:00.274 [info] ExtensionService#_doActivateExtension vscode.json-language-features, startup: false, activationEvent: 'onLanguage:jsonc'
2025-05-17 08:37:00.274 [info] ExtensionService#_doActivateExtension vscode.typescript-language-features, startup: false, activationEvent: 'onLanguage:jsonc'
2025-05-17 08:37:01.167 [info] ExtensionService#_doActivateExtension vscode.git-base, startup: true, activationEvent: '*', root cause: vscode.git
2025-05-17 08:37:01.330 [info] ExtensionService#_doActivateExtension vscode.git, startup: true, activationEvent: '*'
2025-05-17 08:37:01.330 [info] ExtensionService#_doActivateExtension vscode.github, startup: true, activationEvent: '*'
2025-05-17 08:37:01.647 [info] ExtensionService#_doActivateExtension vscode.tunnel-forwarding, startup: false, activationEvent: 'onTunnel'
2025-05-17 08:37:01.763 [info] Eager extensions activated
2025-05-17 08:37:01.764 [info] ExtensionService#_doActivateExtension vscode.debug-auto-launch, startup: false, activationEvent: 'onStartupFinished'
2025-05-17 08:37:01.765 [info] ExtensionService#_doActivateExtension vscode.merge-conflict, startup: false, activationEvent: 'onStartupFinished'
2025-05-17 08:37:02.044 [info] ExtensionService#_doActivateExtension vscode.github-authentication, startup: false, activationEvent: 'onAuthenticationRequest:github'
